0 verbose cli /usr/local/bin/node /usr/local/bin/npm
1 info using npm@8.6.0
2 info using node@v18.0.0
3 timing npm:load:whichnode Completed in 0ms
4 timing config:load:defaults Completed in 1ms
5 timing config:load:file:/usr/local/lib/node_modules/npm/npmrc Completed in 1ms
6 timing config:load:builtin Completed in 1ms
7 timing config:load:cli Completed in 1ms
8 timing config:load:env Completed in 0ms
9 timing config:load:project Completed in 7ms
10 timing config:load:file:/home/node/.npmrc Completed in 2ms
11 timing config:load:user Completed in 2ms
12 timing config:load:file:/usr/local/etc/npmrc Completed in 0ms
13 timing config:load:global Completed in 0ms
14 timing config:load:validate Completed in 0ms
15 timing config:load:credentials Completed in 1ms
16 timing config:load:setEnvs Completed in 0ms
17 timing config:load Completed in 14ms
18 timing npm:load:configload Completed in 14ms
19 timing npm:load:mkdirpcache Completed in 2ms
20 timing npm:load:mkdirplogs Completed in 1ms
21 verbose title npm install
22 verbose argv "install"
23 timing npm:load:setTitle Completed in 1ms
24 timing config:load:flatten Completed in 2ms
25 timing npm:load:display Completed in 3ms
26 verbose logfile logs-max:10 dir:/home/node/.npm/_logs
27 verbose logfile /home/node/.npm/_logs/2023-01-31T18_32_07_338Z-debug-0.log
28 timing npm:load:logFile Completed in 28ms
29 timing npm:load:timers Completed in 0ms
30 timing npm:load:configScope Completed in 0ms
31 timing npm:load Completed in 54ms
32 timing arborist:ctor Completed in 0ms
33 silly logfile done cleaning log files
34 timing idealTree:init Completed in 71ms
35 timing idealTree:userRequests Completed in 0ms
36 silly idealTree buildDeps
37 timing idealTree:#root Completed in 0ms
38 timing idealTree:buildDeps Completed in 3ms
39 timing idealTree:fixDepFlags Completed in 0ms
40 timing idealTree Completed in 81ms
41 timing arborist:ctor Completed in 0ms
42 timing reify:loadTrees Completed in 165ms
43 timing reify:diffTrees Completed in 47ms
44 silly reify moves {}
45 timing reify:retireShallow Completed in 1ms
46 timing reify:createSparse Completed in 67ms
47 timing reify:loadBundles Completed in 0ms
48 silly audit bulk request {
48 silly audit   '@esbuild/linux-loong64': [ '0.15.7' ],
48 silly audit   '@socket.io/component-emitter': [ '3.1.0' ],
48 silly audit   '@types/cookie': [ '0.4.1' ],
48 silly audit   '@types/cors': [ '2.8.12' ],
48 silly audit   '@types/node': [ '18.7.18' ],
48 silly audit   abbrev: [ '1.1.1' ],
48 silly audit   accepts: [ '1.3.8' ],
48 silly audit   anymatch: [ '3.1.2' ],
48 silly audit   'balanced-match': [ '1.0.2' ],
48 silly audit   base64id: [ '2.0.0' ],
48 silly audit   'binary-extensions': [ '2.2.0' ],
48 silly audit   'brace-expansion': [ '1.1.11' ],
48 silly audit   braces: [ '3.0.2' ],
48 silly audit   bufferutil: [ '4.0.7' ],
48 silly audit   chokidar: [ '3.5.3' ],
48 silly audit   'concat-map': [ '0.0.1' ],
48 silly audit   cors: [ '2.8.5' ],
48 silly audit   'engine.io': [ '6.2.1' ],
48 silly audit   'engine.io-client': [ '6.2.2' ],
48 silly audit   debug: [ '4.3.4', '3.2.7' ],
48 silly audit   ms: [ '2.1.2', '2.1.3' ],
48 silly audit   ws: [ '8.2.3' ],
48 silly audit   'engine.io-parser': [ '5.0.4' ],
48 silly audit   cookie: [ '0.4.2' ],
48 silly audit   esbuild: [ '0.15.7' ],
48 silly audit   'esbuild-android-64': [ '0.15.7' ],
48 silly audit   'esbuild-android-arm64': [ '0.15.7' ],
48 silly audit   'esbuild-darwin-64': [ '0.15.7' ],
48 silly audit   'esbuild-darwin-arm64': [ '0.15.7' ],
48 silly audit   'esbuild-freebsd-64': [ '0.15.7' ],
48 silly audit   'esbuild-freebsd-arm64': [ '0.15.7' ],
48 silly audit   'esbuild-linux-32': [ '0.15.7' ],
48 silly audit   'esbuild-linux-64': [ '0.15.7' ],
48 silly audit   'esbuild-linux-arm': [ '0.15.7' ],
48 silly audit   'esbuild-linux-arm64': [ '0.15.7' ],
48 silly audit   'esbuild-linux-mips64le': [ '0.15.7' ],
48 silly audit   'esbuild-linux-ppc64le': [ '0.15.7' ],
48 silly audit   'esbuild-linux-riscv64': [ '0.15.7' ],
48 silly audit   'esbuild-linux-s390x': [ '0.15.7' ],
48 silly audit   'esbuild-netbsd-64': [ '0.15.7' ],
48 silly audit   'esbuild-openbsd-64': [ '0.15.7' ],
48 silly audit   'esbuild-sunos-64': [ '0.15.7' ],
48 silly audit   'esbuild-windows-32': [ '0.15.7' ],
48 silly audit   'esbuild-windows-64': [ '0.15.7' ],
48 silly audit   'esbuild-windows-arm64': [ '0.15.7' ],
48 silly audit   'fill-range': [ '7.0.1' ],
48 silly audit   fsevents: [ '2.3.2' ],
48 silly audit   'function-bind': [ '1.1.1' ],
48 silly audit   'glob-parent': [ '5.1.2' ],
48 silly audit   has: [ '1.0.3' ],
48 silly audit   'has-flag': [ '3.0.0' ],
48 silly audit   'ignore-by-default': [ '1.0.1' ],
48 silly audit   'is-binary-path': [ '2.1.0' ],
48 silly audit   'is-core-module': [ '2.10.0' ],
48 silly audit   'is-extglob': [ '2.1.1' ],
48 silly audit   'is-glob': [ '4.0.3' ],
48 silly audit   'is-number': [ '7.0.0' ],
48 silly audit   'mime-db': [ '1.52.0' ],
48 silly audit   'mime-types': [ '2.1.35' ],
48 silly audit   minimatch: [ '3.1.2' ],
48 silly audit   moment: [ '2.29.4' ],
48 silly audit   nanoid: [ '3.3.4' ],
48 silly audit   negotiator: [ '0.6.3' ],
48 silly audit   'node-gyp-build': [ '4.5.0' ],
48 silly audit   nodemon: [ '2.0.20' ],
48 silly audit   nopt: [ '1.0.10' ],
48 silly audit   'normalize-path': [ '3.0.0' ],
48 silly audit   'object-assign': [ '4.1.1' ],
48 silly audit   'path-parse': [ '1.0.7' ],
48 silly audit   picocolors: [ '1.0.0' ],
48 silly audit   picomatch: [ '2.3.1' ],
48 silly audit   postcss: [ '8.4.16' ],
48 silly audit   'pstree.remy': [ '1.1.8' ],
48 silly audit   readdirp: [ '3.6.0' ],
48 silly audit   resolve: [ '1.22.1' ],
48 silly audit   rollup: [ '2.78.1' ],
48 silly audit   semver: [ '5.7.1', '7.0.0' ],
48 silly audit   'simple-update-notifier': [ '1.0.7' ],
48 silly audit   'socket.io': [ '4.5.2' ],
48 silly audit   'socket.io-adapter': [ '2.4.0' ],
48 silly audit   'socket.io-client': [ '4.5.2' ],
48 silly audit   'socket.io-parser': [ '4.2.1' ],
48 silly audit   'source-map-js': [ '1.0.2' ],
48 silly audit   'supports-color': [ '5.5.0' ],
48 silly audit   'supports-preserve-symlinks-flag': [ '1.0.0' ],
48 silly audit   'to-regex-range': [ '5.0.1' ],
48 silly audit   touch: [ '3.1.0' ],
48 silly audit   undefsafe: [ '2.0.5' ],
48 silly audit   up: [ '1.0.2' ],
48 silly audit   'utf-8-validate': [ '5.0.10' ],
48 silly audit   vary: [ '1.1.2' ],
48 silly audit   vite: [ '3.1.2' ],
48 silly audit   'xmlhttprequest-ssl': [ '2.0.0' ]
48 silly audit }
49 verbose reify failed optional dependency /home/node/node_modules/esbuild-windows-arm64
50 silly reify mark deleted [ '/home/node/node_modules/esbuild-windows-arm64' ]
51 verbose reify failed optional dependency /home/node/node_modules/esbuild-windows-64
52 silly reify mark deleted [ '/home/node/node_modules/esbuild-windows-64' ]
53 verbose reify failed optional dependency /home/node/node_modules/esbuild-windows-32
54 silly reify mark deleted [ '/home/node/node_modules/esbuild-windows-32' ]
55 verbose reify failed optional dependency /home/node/node_modules/esbuild-sunos-64
56 silly reify mark deleted [ '/home/node/node_modules/esbuild-sunos-64' ]
57 verbose reify failed optional dependency /home/node/node_modules/esbuild-openbsd-64
58 silly reify mark deleted [ '/home/node/node_modules/esbuild-openbsd-64' ]
59 verbose reify failed optional dependency /home/node/node_modules/esbuild-netbsd-64
60 silly reify mark deleted [ '/home/node/node_modules/esbuild-netbsd-64' ]
61 verbose reify failed optional dependency /home/node/node_modules/esbuild-linux-s390x
62 silly reify mark deleted [ '/home/node/node_modules/esbuild-linux-s390x' ]
63 verbose reify failed optional dependency /home/node/node_modules/esbuild-linux-riscv64
64 silly reify mark deleted [ '/home/node/node_modules/esbuild-linux-riscv64' ]
65 verbose reify failed optional dependency /home/node/node_modules/esbuild-linux-ppc64le
66 silly reify mark deleted [ '/home/node/node_modules/esbuild-linux-ppc64le' ]
67 verbose reify failed optional dependency /home/node/node_modules/esbuild-linux-mips64le
68 silly reify mark deleted [ '/home/node/node_modules/esbuild-linux-mips64le' ]
69 verbose reify failed optional dependency /home/node/node_modules/esbuild-linux-arm
70 silly reify mark deleted [ '/home/node/node_modules/esbuild-linux-arm' ]
71 verbose reify failed optional dependency /home/node/node_modules/esbuild-linux-64
72 silly reify mark deleted [ '/home/node/node_modules/esbuild-linux-64' ]
73 verbose reify failed optional dependency /home/node/node_modules/esbuild-linux-32
74 silly reify mark deleted [ '/home/node/node_modules/esbuild-linux-32' ]
75 verbose reify failed optional dependency /home/node/node_modules/esbuild-freebsd-arm64
76 silly reify mark deleted [ '/home/node/node_modules/esbuild-freebsd-arm64' ]
77 verbose reify failed optional dependency /home/node/node_modules/esbuild-freebsd-64
78 silly reify mark deleted [ '/home/node/node_modules/esbuild-freebsd-64' ]
79 verbose reify failed optional dependency /home/node/node_modules/esbuild-darwin-64
80 silly reify mark deleted [ '/home/node/node_modules/esbuild-darwin-64' ]
81 verbose reify failed optional dependency /home/node/node_modules/esbuild-android-arm64
82 silly reify mark deleted [ '/home/node/node_modules/esbuild-android-arm64' ]
83 verbose reify failed optional dependency /home/node/node_modules/esbuild-android-64
84 silly reify mark deleted [ '/home/node/node_modules/esbuild-android-64' ]
85 verbose reify failed optional dependency /home/node/node_modules/@esbuild/linux-loong64
86 silly reify mark deleted [ '/home/node/node_modules/@esbuild/linux-loong64' ]
87 timing reifyNode:node_modules/esbuild-windows-arm64 Completed in 97ms
88 timing reifyNode:node_modules/esbuild-windows-64 Completed in 98ms
89 timing reifyNode:node_modules/esbuild-windows-32 Completed in 99ms
90 timing reifyNode:node_modules/esbuild-sunos-64 Completed in 99ms
91 timing reifyNode:node_modules/esbuild-openbsd-64 Completed in 100ms
92 timing reifyNode:node_modules/esbuild-netbsd-64 Completed in 101ms
93 timing reifyNode:node_modules/esbuild-linux-s390x Completed in 101ms
94 timing reifyNode:node_modules/esbuild-linux-riscv64 Completed in 102ms
95 timing reifyNode:node_modules/esbuild-linux-ppc64le Completed in 101ms
96 timing reifyNode:node_modules/esbuild-linux-mips64le Completed in 102ms
97 timing reifyNode:node_modules/esbuild-linux-arm Completed in 103ms
98 timing reifyNode:node_modules/esbuild-linux-64 Completed in 103ms
99 timing reifyNode:node_modules/esbuild-linux-32 Completed in 104ms
100 timing reifyNode:node_modules/esbuild-freebsd-arm64 Completed in 104ms
101 timing reifyNode:node_modules/esbuild-freebsd-64 Completed in 105ms
102 timing reifyNode:node_modules/esbuild-darwin-64 Completed in 105ms
103 timing reifyNode:node_modules/esbuild-android-arm64 Completed in 106ms
104 timing reifyNode:node_modules/esbuild-android-64 Completed in 106ms
105 timing reifyNode:node_modules/@esbuild/linux-loong64 Completed in 107ms
106 timing reify:unpack Completed in 108ms
107 timing reify:unretire Completed in 0ms
108 timing build:queue Completed in 7ms
109 timing build:deps Completed in 8ms
110 timing build Completed in 9ms
111 timing reify:build Completed in 10ms
112 timing reify:trash Completed in 27ms
113 timing reify:save Completed in 22ms
114 http fetch POST 200 https://registry.npmjs.org/-/npm/v1/security/advisories/bulk 359ms
115 timing auditReport:getReport Completed in 365ms
116 silly audit report {}
117 timing auditReport:init Completed in 0ms
118 timing reify:audit Completed in 369ms
119 timing reify Completed in 666ms
120 silly ADD
121 silly ADD
122 silly ADD
123 silly ADD
124 silly ADD
125 silly ADD
126 silly ADD
127 silly ADD
128 silly ADD
129 silly ADD
130 silly ADD
131 silly ADD
132 silly ADD
133 silly ADD
134 silly ADD
135 silly ADD
136 silly ADD
137 silly ADD
138 silly ADD
139 timing command:install Completed in 703ms
140 verbose exit 0
141 timing npm Completed in 796ms
142 info ok
